[20:52:08] [ServerMain/INFO]: Building unoptimized datafixer
[20:52:09] [ServerMain/INFO]: Environment: authHost='https://authserver.mojang.com', accountsHost='https://api.mojang.com', sessionHost='https://sessionserver.mojang.com', servicesHost='https://api.minecraftservices.com', name='PROD'
[20:52:10] [ServerMain/INFO]: Loaded 7 recipes
[20:52:12] [Server thread/INFO]: Starting minecraft server version 1.19.2
[20:52:12] [Server thread/INFO]: Loading properties
[20:52:12] [Server thread/INFO]: This server is running CraftBukkit version 3605-Spigot-6198b5a-f43634a (MC: 1.19.2) (Implementing API version 1.19.2-R0.1-SNAPSHOT)
[20:52:12] [Server thread/INFO]: Debug logging is disabled
[20:52:12] [Server thread/INFO]: Server Ping Player Sample Count: 12
[20:52:12] [Server thread/INFO]: Using 4 threads for Netty based IO
[20:52:12] [Server thread/INFO]: Default game type: SURVIVAL
[20:52:12] [Server thread/INFO]: Generating keypair
[20:52:12] [Server thread/INFO]: Starting Minecraft server on *:25565
[20:52:13] [Server thread/INFO]: Using default channel type
[20:52:13] [Server thread/WARN]: Initializing Legacy Material Support. Unless you have legacy plugins and/or data this is a bug!
[20:52:16] [Server thread/WARN]: Legacy plugin RaspberryJuice v1.9.1 does not specify an api-version.
[20:52:16] [Server thread/INFO]: [RaspberryJuice] Loading RaspberryJuice v1.9.1
[20:52:16] [Server thread/INFO]: Preparing level "world"
[20:52:17] [Server thread/INFO]: -------- World Settings For [world] --------
[20:52:17] [Server thread/INFO]: Allow Zombie Pigmen to spawn from portal blocks: true
[20:52:17] [Server thread/INFO]: Nerfing mobs spawned from spawners: false
[20:52:17] [Server thread/INFO]: Item Despawn Rate: 6000
[20:52:17] [Server thread/INFO]: Item Merge Radius: 2.5
[20:52:17] [Server thread/INFO]: View Distance: 10
[20:52:17] [Server thread/INFO]: Simulation Distance: 10
[20:52:17] [Server thread/INFO]: Arrow Despawn Rate: 1200 Trident Respawn Rate:1200
[20:52:17] [Server thread/INFO]: Zombie Aggressive Towards Villager: true
[20:52:17] [Server thread/INFO]: Mob Spawn Range: 6
[20:52:17] [Server thread/INFO]: Experience Merge Radius: 3.0
[20:52:17] [Server thread/INFO]: Entity Activation Range: An 32 / Mo 32 / Ra 48 / Mi 16 / Tiv true / Isa false
[20:52:17] [Server thread/INFO]: Cactus Growth Modifier: 100%
[20:52:17] [Server thread/INFO]: Cane Growth Modifier: 100%
[20:52:17] [Server thread/INFO]: Melon Growth Modifier: 100%
[20:52:17] [Server thread/INFO]: Mushroom Growth Modifier: 100%
[20:52:17] [Server thread/INFO]: Pumpkin Growth Modifier: 100%
[20:52:17] [Server thread/INFO]: Sapling Growth Modifier: 100%
[20:52:17] [Server thread/INFO]: Beetroot Growth Modifier: 100%
[20:52:17] [Server thread/INFO]: Carrot Growth Modifier: 100%
[20:52:17] [Server thread/INFO]: Potato Growth Modifier: 100%
[20:52:17] [Server thread/INFO]: Wheat Growth Modifier: 100%
[20:52:17] [Server thread/INFO]: NetherWart Growth Modifier: 100%
[20:52:17] [Server thread/INFO]: Vine Growth Modifier: 100%
[20:52:17] [Server thread/INFO]: Cocoa Growth Modifier: 100%
[20:52:17] [Server thread/INFO]: Bamboo Growth Modifier: 100%
[20:52:17] [Server thread/INFO]: SweetBerry Growth Modifier: 100%
[20:52:17] [Server thread/INFO]: Kelp Growth Modifier: 100%
[20:52:17] [Server thread/INFO]: TwistingVines Growth Modifier: 100%
[20:52:17] [Server thread/INFO]: WeepingVines Growth Modifier: 100%
[20:52:17] [Server thread/INFO]: CaveVines Growth Modifier: 100%
[20:52:17] [Server thread/INFO]: Entity Tracking Range: Pl 48 / An 48 / Mo 48 / Mi 32 / Other 64
[20:52:17] [Server thread/INFO]: Hopper Transfer: 8 Hopper Check: 1 Hopper Amount: 1 Hopper Can Load Chunks: false
[20:52:17] [Server thread/INFO]: Custom Map Seeds:  Village: 10387312 Desert: 14357617 Igloo: 14357618 Jungle: 14357619 Swamp: 14357620 Monument: 10387313 Ocean: 14357621 Shipwreck: 165745295 End City: 10387313 Slime: 987234911 Nether: 30084232 Mansion: 10387319 Fossil: 14357921 Portal: 34222645
[20:52:17] [Server thread/INFO]: Max TNT Explosions: 100
[20:52:17] [Server thread/INFO]: Tile Max Tick Time: 50ms Entity max Tick Time: 50ms
[20:52:17] [Server thread/INFO]: -------- World Settings For [world_nether] --------
[20:52:17] [Server thread/INFO]: Allow Zombie Pigmen to spawn from portal blocks: true
[20:52:17] [Server thread/INFO]: Nerfing mobs spawned from spawners: false
[20:52:17] [Server thread/INFO]: Item Despawn Rate: 6000
[20:52:17] [Server thread/INFO]: Item Merge Radius: 2.5
[20:52:17] [Server thread/INFO]: View Distance: 10
[20:52:17] [Server thread/INFO]: Simulation Distance: 10
[20:52:17] [Server thread/INFO]: Arrow Despawn Rate: 1200 Trident Respawn Rate:1200
[20:52:17] [Server thread/INFO]: Zombie Aggressive Towards Villager: true
[20:52:17] [Server thread/INFO]: Mob Spawn Range: 6
[20:52:17] [Server thread/INFO]: Experience Merge Radius: 3.0
[20:52:17] [Server thread/INFO]: Entity Activation Range: An 32 / Mo 32 / Ra 48 / Mi 16 / Tiv true / Isa false
[20:52:17] [Server thread/INFO]: Cactus Growth Modifier: 100%
[20:52:17] [Server thread/INFO]: Cane Growth Modifier: 100%
[20:52:17] [Server thread/INFO]: Melon Growth Modifier: 100%
[20:52:17] [Server thread/INFO]: Mushroom Growth Modifier: 100%
[20:52:17] [Server thread/INFO]: Pumpkin Growth Modifier: 100%
[20:52:17] [Server thread/INFO]: Sapling Growth Modifier: 100%
[20:52:17] [Server thread/INFO]: Beetroot Growth Modifier: 100%
[20:52:17] [Server thread/INFO]: Carrot Growth Modifier: 100%
[20:52:17] [Server thread/INFO]: Potato Growth Modifier: 100%
[20:52:17] [Server thread/INFO]: Wheat Growth Modifier: 100%
[20:52:17] [Server thread/INFO]: NetherWart Growth Modifier: 100%
[20:52:17] [Server thread/INFO]: Vine Growth Modifier: 100%
[20:52:17] [Server thread/INFO]: Cocoa Growth Modifier: 100%
[20:52:17] [Server thread/INFO]: Bamboo Growth Modifier: 100%
[20:52:17] [Server thread/INFO]: SweetBerry Growth Modifier: 100%
[20:52:17] [Server thread/INFO]: Kelp Growth Modifier: 100%
[20:52:17] [Server thread/INFO]: TwistingVines Growth Modifier: 100%
[20:52:17] [Server thread/INFO]: WeepingVines Growth Modifier: 100%
[20:52:17] [Server thread/INFO]: CaveVines Growth Modifier: 100%
[20:52:17] [Server thread/INFO]: Entity Tracking Range: Pl 48 / An 48 / Mo 48 / Mi 32 / Other 64
[20:52:17] [Server thread/INFO]: Hopper Transfer: 8 Hopper Check: 1 Hopper Amount: 1 Hopper Can Load Chunks: false
[20:52:17] [Server thread/INFO]: Custom Map Seeds:  Village: 10387312 Desert: 14357617 Igloo: 14357618 Jungle: 14357619 Swamp: 14357620 Monument: 10387313 Ocean: 14357621 Shipwreck: 165745295 End City: 10387313 Slime: 987234911 Nether: 30084232 Mansion: 10387319 Fossil: 14357921 Portal: 34222645
[20:52:17] [Server thread/INFO]: Max TNT Explosions: 100
[20:52:17] [Server thread/INFO]: Tile Max Tick Time: 50ms Entity max Tick Time: 50ms
[20:52:17] [Server thread/INFO]: -------- World Settings For [world_the_end] --------
[20:52:17] [Server thread/INFO]: Allow Zombie Pigmen to spawn from portal blocks: true
[20:52:17] [Server thread/INFO]: Nerfing mobs spawned from spawners: false
[20:52:17] [Server thread/INFO]: Item Despawn Rate: 6000
[20:52:17] [Server thread/INFO]: Item Merge Radius: 2.5
[20:52:17] [Server thread/INFO]: View Distance: 10
[20:52:17] [Server thread/INFO]: Simulation Distance: 10
[20:52:17] [Server thread/INFO]: Arrow Despawn Rate: 1200 Trident Respawn Rate:1200
[20:52:17] [Server thread/INFO]: Zombie Aggressive Towards Villager: true
[20:52:17] [Server thread/INFO]: Mob Spawn Range: 6
[20:52:17] [Server thread/INFO]: Experience Merge Radius: 3.0
[20:52:17] [Server thread/INFO]: Entity Activation Range: An 32 / Mo 32 / Ra 48 / Mi 16 / Tiv true / Isa false
[20:52:17] [Server thread/INFO]: Cactus Growth Modifier: 100%
[20:52:17] [Server thread/INFO]: Cane Growth Modifier: 100%
[20:52:17] [Server thread/INFO]: Melon Growth Modifier: 100%
[20:52:17] [Server thread/INFO]: Mushroom Growth Modifier: 100%
[20:52:17] [Server thread/INFO]: Pumpkin Growth Modifier: 100%
[20:52:17] [Server thread/INFO]: Sapling Growth Modifier: 100%
[20:52:17] [Server thread/INFO]: Beetroot Growth Modifier: 100%
[20:52:17] [Server thread/INFO]: Carrot Growth Modifier: 100%
[20:52:17] [Server thread/INFO]: Potato Growth Modifier: 100%
[20:52:17] [Server thread/INFO]: Wheat Growth Modifier: 100%
[20:52:17] [Server thread/INFO]: NetherWart Growth Modifier: 100%
[20:52:17] [Server thread/INFO]: Vine Growth Modifier: 100%
[20:52:17] [Server thread/INFO]: Cocoa Growth Modifier: 100%
[20:52:17] [Server thread/INFO]: Bamboo Growth Modifier: 100%
[20:52:17] [Server thread/INFO]: SweetBerry Growth Modifier: 100%
[20:52:17] [Server thread/INFO]: Kelp Growth Modifier: 100%
[20:52:17] [Server thread/INFO]: TwistingVines Growth Modifier: 100%
[20:52:17] [Server thread/INFO]: WeepingVines Growth Modifier: 100%
[20:52:17] [Server thread/INFO]: CaveVines Growth Modifier: 100%
[20:52:17] [Server thread/INFO]: Entity Tracking Range: Pl 48 / An 48 / Mo 48 / Mi 32 / Other 64
[20:52:17] [Server thread/INFO]: Hopper Transfer: 8 Hopper Check: 1 Hopper Amount: 1 Hopper Can Load Chunks: false
[20:52:17] [Server thread/INFO]: Custom Map Seeds:  Village: 10387312 Desert: 14357617 Igloo: 14357618 Jungle: 14357619 Swamp: 14357620 Monument: 10387313 Ocean: 14357621 Shipwreck: 165745295 End City: 10387313 Slime: 987234911 Nether: 30084232 Mansion: 10387319 Fossil: 14357921 Portal: 34222645
[20:52:17] [Server thread/INFO]: Max TNT Explosions: 100
[20:52:17] [Server thread/INFO]: Tile Max Tick Time: 50ms Entity max Tick Time: 50ms
[20:52:17] [Server thread/INFO]: Preparing start region for dimension minecraft:overworld
[20:52:19] [Worker-Main-1/INFO]: Preparing spawn area: 0%
[20:52:19] [Worker-Main-11/INFO]: Preparing spawn area: 0%
[20:52:19] [Worker-Main-6/INFO]: Preparing spawn area: 0%
[20:52:19] [Worker-Main-4/INFO]: Preparing spawn area: 0%
[20:52:19] [Worker-Main-4/INFO]: Preparing spawn area: 0%
[20:52:26] [Worker-Main-4/INFO]: Preparing spawn area: 2%
[20:52:26] [Worker-Main-4/INFO]: Preparing spawn area: 2%
[20:52:26] [Worker-Main-4/INFO]: Preparing spawn area: 2%
[20:52:26] [Worker-Main-6/INFO]: Preparing spawn area: 2%
[20:52:26] [Worker-Main-10/INFO]: Preparing spawn area: 2%
[20:52:26] [Worker-Main-10/INFO]: Preparing spawn area: 2%
[20:52:26] [Worker-Main-4/INFO]: Preparing spawn area: 2%
[20:52:26] [Worker-Main-4/INFO]: Preparing spawn area: 2%
[20:52:26] [Worker-Main-10/INFO]: Preparing spawn area: 2%
[20:52:26] [Worker-Main-6/INFO]: Preparing spawn area: 2%
[20:52:26] [Worker-Main-8/INFO]: Preparing spawn area: 2%
[20:52:26] [Worker-Main-10/INFO]: Preparing spawn area: 2%
[20:52:26] [Worker-Main-8/INFO]: Preparing spawn area: 2%
[20:52:26] [Worker-Main-7/INFO]: Preparing spawn area: 10%
[20:52:26] [Worker-Main-2/INFO]: Preparing spawn area: 31%
[20:52:27] [Worker-Main-8/INFO]: Preparing spawn area: 62%
[20:52:27] [Worker-Main-1/INFO]: Preparing spawn area: 88%
[20:52:28] [Worker-Main-9/INFO]: Preparing spawn area: 99%
[20:52:28] [Server thread/INFO]: Time elapsed: 11083 ms
[20:52:28] [Server thread/INFO]: Preparing start region for dimension minecraft:the_nether
[20:52:29] [Worker-Main-6/INFO]: Preparing spawn area: 0%
[20:52:29] [Worker-Main-10/INFO]: Preparing spawn area: 0%
[20:52:29] [Worker-Main-4/INFO]: Preparing spawn area: 54%
[20:52:30] [Worker-Main-11/INFO]: Preparing spawn area: 69%
[20:52:30] [Worker-Main-4/INFO]: Preparing spawn area: 74%
[20:52:31] [Worker-Main-2/INFO]: Preparing spawn area: 81%
[20:52:31] [Worker-Main-8/INFO]: Preparing spawn area: 84%
[20:52:32] [Worker-Main-11/INFO]: Preparing spawn area: 88%
[20:52:32] [Worker-Main-4/INFO]: Preparing spawn area: 95%
[20:52:32] [Server thread/INFO]: Time elapsed: 4437 ms
[20:52:32] [Server thread/INFO]: Preparing start region for dimension minecraft:the_end
[20:52:33] [Worker-Main-8/INFO]: Preparing spawn area: 0%
[20:52:33] [Worker-Main-7/INFO]: Preparing spawn area: 0%
[20:52:33] [Worker-Main-10/INFO]: Preparing spawn area: 55%
[20:52:34] [Server thread/INFO]: Time elapsed: 1462 ms
[20:52:34] [Server thread/INFO]: [RaspberryJuice] Enabling RaspberryJuice v1.9.1
[20:52:34] [Server thread/INFO]: [RaspberryJuice] Using port 4711
[20:52:34] [Server thread/INFO]: [RaspberryJuice] Using RELATIVE locations
[20:52:34] [Server thread/INFO]: [RaspberryJuice] ThreadListener Started
[20:52:34] [Server thread/INFO]: Server permissions file permissions.yml is empty, ignoring it
[20:52:34] [Server thread/INFO]: Done (17.615s)! For help, type "help"
[20:52:44] [User Authenticator #1/INFO]: UUID of player Park_Gom is 78a4d737-2fe2-4860-a627-5e6c6b85cde8
[20:52:44] [Server thread/INFO]: Park_Gom joined the game
[20:52:44] [Server thread/INFO]: Park_Gom[/127.0.0.1:55162] logged in with entity id 1 at ([world]18.714864013981547, 63.0, 17.1078111858927)
[20:54:35] [Server thread/INFO]: Set the weather to clear
[20:54:56] [Thread-11/INFO]: [RaspberryJuice] Starting input thread
[20:54:56] [Thread-8/INFO]: [RaspberryJuice] Opened connection to/127.0.0.1:55214.
[20:54:56] [Thread-12/INFO]: [RaspberryJuice] Starting output thread!
[20:54:56] [Server thread/INFO]: [RaspberryJuice] Closed connection to/127.0.0.1:55214.
[20:55:05] [Thread-8/INFO]: [RaspberryJuice] Opened connection to/127.0.0.1:55216.
[20:55:05] [Thread-13/INFO]: [RaspberryJuice] Starting input thread
[20:55:05] [Thread-14/INFO]: [RaspberryJuice] Starting output thread!
[20:55:05] [Server thread/INFO]: [RaspberryJuice] Closed connection to/127.0.0.1:55216.
[20:55:20] [Thread-8/INFO]: [RaspberryJuice] Opened connection to/127.0.0.1:55219.
[20:55:20] [Thread-15/INFO]: [RaspberryJuice] Starting input thread
[20:55:20] [Thread-16/INFO]: [RaspberryJuice] Starting output thread!
[20:55:21] [Server thread/INFO]: [RaspberryJuice] Closed connection to/127.0.0.1:55219.
[20:55:29] [Thread-8/INFO]: [RaspberryJuice] Opened connection to/127.0.0.1:55224.
[20:55:29] [Thread-17/INFO]: [RaspberryJuice] Starting input thread
[20:55:29] [Thread-18/INFO]: [RaspberryJuice] Starting output thread!
[20:55:29] [Server thread/INFO]: [RaspberryJuice] Closed connection to/127.0.0.1:55224.
[20:55:42] [Thread-8/INFO]: [RaspberryJuice] Opened connection to/127.0.0.1:55226.
[20:55:42] [Thread-19/INFO]: [RaspberryJuice] Starting input thread
[20:55:42] [Thread-20/INFO]: [RaspberryJuice] Starting output thread!
[20:55:42] [Server thread/INFO]: [RaspberryJuice] Closed connection to/127.0.0.1:55226.
[20:57:14] [Thread-8/INFO]: [RaspberryJuice] Opened connection to/127.0.0.1:55241.
[20:57:14] [Thread-21/INFO]: [RaspberryJuice] Starting input thread
[20:57:14] [Thread-22/INFO]: [RaspberryJuice] Starting output thread!
[20:57:14] [Server thread/INFO]: [RaspberryJuice] Closed connection to/127.0.0.1:55241.
[20:57:29] [Thread-8/INFO]: [RaspberryJuice] Opened connection to/127.0.0.1:55244.
[20:57:29] [Thread-23/INFO]: [RaspberryJuice] Starting input thread
[20:57:29] [Thread-24/INFO]: [RaspberryJuice] Starting output thread!
[20:57:29] [Server thread/INFO]: [RaspberryJuice] Closed connection to/127.0.0.1:55244.
[20:57:37] [Thread-8/INFO]: [RaspberryJuice] Opened connection to/127.0.0.1:55245.
[20:57:37] [Thread-25/INFO]: [RaspberryJuice] Starting input thread
[20:57:37] [Thread-26/INFO]: [RaspberryJuice] Starting output thread!
[20:57:37] [Server thread/INFO]: [RaspberryJuice] Closed connection to/127.0.0.1:55245.
[20:58:13] [Thread-8/INFO]: [RaspberryJuice] Opened connection to/127.0.0.1:55252.
[20:58:13] [Thread-27/INFO]: [RaspberryJuice] Starting input thread
[20:58:13] [Thread-28/INFO]: [RaspberryJuice] Starting output thread!
[20:58:13] [Server thread/INFO]: [RaspberryJuice] Closed connection to/127.0.0.1:55252.
[20:58:19] [Thread-8/INFO]: [RaspberryJuice] Opened connection to/127.0.0.1:55254.
[20:58:19] [Thread-29/INFO]: [RaspberryJuice] Starting input thread
[20:58:19] [Thread-30/INFO]: [RaspberryJuice] Starting output thread!
[20:58:19] [Server thread/INFO]: [RaspberryJuice] Closed connection to/127.0.0.1:55254.
[20:58:26] [Thread-8/INFO]: [RaspberryJuice] Opened connection to/127.0.0.1:55255.
[20:58:26] [Thread-31/INFO]: [RaspberryJuice] Starting input thread
[20:58:26] [Thread-32/INFO]: [RaspberryJuice] Starting output thread!
[20:58:26] [Server thread/INFO]: [RaspberryJuice] Closed connection to/127.0.0.1:55255.
[20:58:30] [Thread-8/INFO]: [RaspberryJuice] Opened connection to/127.0.0.1:55257.
[20:58:30] [Thread-33/INFO]: [RaspberryJuice] Starting input thread
[20:58:30] [Thread-34/INFO]: [RaspberryJuice] Starting output thread!
[20:58:30] [Server thread/INFO]: [RaspberryJuice] Closed connection to/127.0.0.1:55257.
[21:00:52] [Server thread/INFO]: Park_Gom lost connection: Disconnected
[21:00:52] [Server thread/INFO]: Park_Gom left the game
[21:01:30] [User Authenticator #2/INFO]: UUID of player Park_Gom is 78a4d737-2fe2-4860-a627-5e6c6b85cde8
[21:01:30] [Server thread/INFO]: Park_Gom joined the game
[21:01:30] [Server thread/INFO]: Park_Gom[/127.0.0.1:55292] logged in with entity id 48 at ([world]24.507841796214745, 63.0, 16.36540904616297)
[21:01:40] [Server thread/INFO]: Set the time to 13000
[21:01:43] [Server thread/INFO]: Set the time to 6000
[21:01:59] [Server thread/INFO]: Set the weather to clear
[21:03:40] [Server thread/INFO]: Set the time to 13000
[21:03:43] [Server thread/INFO]: Set the time to 6000
[21:04:26] [Server thread/INFO]: Set the time to 13000
[21:04:30] [Server thread/INFO]: Set the time to 6000
[21:04:58] [Server thread/INFO]: Set the time to 13000
[21:05:05] [Server thread/INFO]: Set the time to 6000
[21:06:06] [Server thread/INFO]: Set the time to 13000
[21:06:12] [Server thread/INFO]: Set the time to 6000
[21:06:17] [Server thread/INFO]: Set the time to 13000
[21:06:23] [Server thread/INFO]: Set the time to 6000
[21:07:59] [Thread-8/INFO]: [RaspberryJuice] Opened connection to/127.0.0.1:55405.
[21:07:59] [Thread-38/INFO]: [RaspberryJuice] Starting input thread
[21:07:59] [Thread-39/INFO]: [RaspberryJuice] Starting output thread!
[21:08:00] [Server thread/INFO]: [RaspberryJuice] Closed connection to/127.0.0.1:55405.
[21:08:02] [Thread-8/INFO]: [RaspberryJuice] Opened connection to/127.0.0.1:55407.
[21:08:02] [Thread-41/INFO]: [RaspberryJuice] Starting output thread!
[21:08:02] [Thread-40/INFO]: [RaspberryJuice] Starting input thread
[21:08:02] [Server thread/INFO]: [RaspberryJuice] Closed connection to/127.0.0.1:55407.
[21:08:06] [Thread-8/INFO]: [RaspberryJuice] Opened connection to/127.0.0.1:55408.
[21:08:06] [Thread-42/INFO]: [RaspberryJuice] Starting input thread
[21:08:06] [Thread-43/INFO]: [RaspberryJuice] Starting output thread!
[21:08:06] [Server thread/INFO]: [RaspberryJuice] Closed connection to/127.0.0.1:55408.
[21:08:08] [Thread-8/INFO]: [RaspberryJuice] Opened connection to/127.0.0.1:55409.
[21:08:08] [Thread-44/INFO]: [RaspberryJuice] Starting input thread
[21:08:08] [Thread-45/INFO]: [RaspberryJuice] Starting output thread!
[21:08:08] [Server thread/INFO]: [RaspberryJuice] Closed connection to/127.0.0.1:55409.
[21:08:35] [Thread-8/INFO]: [RaspberryJuice] Opened connection to/127.0.0.1:55418.
[21:08:35] [Thread-46/INFO]: [RaspberryJuice] Starting input thread
[21:08:35] [Thread-47/INFO]: [RaspberryJuice] Starting output thread!
[21:08:35] [Server thread/INFO]: [RaspberryJuice] Closed connection to/127.0.0.1:55418.
[21:08:57] [Thread-8/INFO]: [RaspberryJuice] Opened connection to/127.0.0.1:55426.
[21:08:57] [Thread-48/INFO]: [RaspberryJuice] Starting input thread
[21:08:57] [Thread-49/INFO]: [RaspberryJuice] Starting output thread!
[21:08:57] [Server thread/INFO]: [RaspberryJuice] Closed connection to/127.0.0.1:55426.
[21:09:06] [Server thread/INFO]: Set the weather to clear
[21:10:01] [Thread-8/INFO]: [RaspberryJuice] Opened connection to/127.0.0.1:55441.
[21:10:01] [Thread-50/INFO]: [RaspberryJuice] Starting input thread
[21:10:01] [Thread-51/INFO]: [RaspberryJuice] Starting output thread!
[21:10:01] [Server thread/INFO]: [RaspberryJuice] Closed connection to/127.0.0.1:55441.
[21:10:19] [Thread-8/INFO]: [RaspberryJuice] Opened connection to/127.0.0.1:55444.
[21:10:19] [Thread-52/INFO]: [RaspberryJuice] Starting input thread
[21:10:19] [Thread-53/INFO]: [RaspberryJuice] Starting output thread!
[21:10:19] [Server thread/INFO]: [RaspberryJuice] Closed connection to/127.0.0.1:55444.
[21:55:28] [Server thread/INFO]: Park_Gom lost connection: Disconnected
[21:55:28] [Server thread/INFO]: Park_Gom left the game
[21:55:30] [Server thread/INFO]: Stopping server
[21:55:30] [Server thread/INFO]: [RaspberryJuice] Disabling RaspberryJuice v1.9.1
[21:55:30] [Server thread/INFO]: [RaspberryJuice] Raspberry Juice Stopped
[21:55:30] [Server thread/INFO]: Saving players
[21:55:30] [Server thread/INFO]: Saving worlds
